<?xml version="1.0" encoding="utf-8"?><testsuites name="pytest tests"><testsuite name="pytest" errors="0" failures="0" skipped="0" tests="15" time="4.779" timestamp="2026-09-02T13:50:54.660213+00:00" hostname="agent-env-42a2be94-7785-49a5-9b0b-11fb6e8d7391"><testcase classname="tests.test_iteration10_features.TestRemovedEndpoints" name="test_google_oauth_endpoint_removed" time="0.390" /><testcase classname="tests.test_iteration10_features.TestMultiStageLogin" name="test_login_stage1_returns_birthday_stage" time="0.689" /><testcase classname="tests.test_iteration10_features.TestRemovedEndpoints" name="test_phrase_login_endpoint_removed" time="0.294" /><testcase classname="tests.test_iteration10_features.TestRemovedEndpoints" name="test_phrase_reset_endpoint_removed" time="0.310" /><testcase classname="tests.test_iteration10_features.TestMultiStageLogin" name="test_birthday_verification_flow" time="0.686" /><testcase classname="tests.test_iteration10_features.TestRemovedEndpoints" name="test_set_phrase_endpoint_removed" time="0.298" /><testcase classname="tests.test_iteration10_features.TestExistingEndpointsStillWork" name="test_api_root" time="0.139" /><testcase classname="tests.test_iteration10_features.TestMultiStageLogin" name="test_wrong_birthday_rejected" time="0.670" /><testcase classname="tests.test_iteration10_features.TestExistingEndpointsStillWork" name="test_login_status_endpoint" time="0.242" /><testcase classname="tests.test_iteration10_features.TestExistingEndpointsStillWork" name="test_recovery_endpoint_exists" time="0.295" /><testcase classname="tests.test_iteration10_features.TestDisclaimerToggle" name="test_toggle_disclaimer_on_off" time="1.152" /><testcase classname="tests.test_iteration10_features.TestRegistrationNoPhrase" name="test_register_returns_l3_passwords_no_phrase" time="0.482" /><testcase classname="tests.test_iteration10_features.TestL3RegenMonthlyLimit" name="test_l3_regen_returns_monthly_limit_info" time="0.595" /><testcase classname="tests.test_iteration10_features.TestL3QuizFlow" name="test_l3_enable_requires_quiz" time="0.645" /><testcase classname="tests.test_iteration10_features.TestHardcoreMode" name="test_hardcore_settings_get_update" time="0.610" /></testsuite></testsuites>