<?xml version="1.0" encoding="utf-8"?><testsuites name="pytest tests"><testsuite name="pytest" errors="0" failures="0" skipped="0" tests="16" time="15.474" timestamp="2026-09-03T12:51:19.363092+00:00" hostname="agent-env-0b629c6a-d8c2-481e-bf30-257a13630a54"><testcase classname="tests.test_vip_phase_features.TestAuthFlow" name="test_login_returns_birthday_stage" time="1.027" /><testcase classname="tests.test_vip_phase_features.TestAuthFlow" name="test_birthday_verification_completes_login" time="1.168" /><testcase classname="tests.test_vip_phase_features.TestDuplicatesFeature" name="test_duplicates_endpoint_returns_groups" time="1.654" /><testcase classname="tests.test_vip_phase_features.TestAuthFlow" name="test_wrong_password_returns_error" time="0.577" /><testcase classname="tests.test_vip_phase_features.TestDuplicatesFeature" name="test_create_duplicate_items_detected" time="2.439" /><testcase classname="tests.test_vip_phase_features.TestTagsAndNotes" name="test_tags_persist_on_create" time="1.399" /><testcase classname="tests.test_vip_phase_features.TestPasswordHistory" name="test_password_history_recorded_on_update" time="2.183" /><testcase classname="tests.test_vip_phase_features.TestTagsAndNotes" name="test_notes_persist_on_create" time="1.529" /><testcase classname="tests.test_vip_phase_features.TestLayer3Behavior" name="test_l3_passwords_viewable_when_not_enabled" time="1.286" /><testcase classname="tests.test_vip_phase_features.TestPasswordHistory" name="test_advance_mode_history_blocked" time="2.092" /><testcase classname="tests.test_vip_phase_features.TestLayer3Behavior" name="test_l3_export_always_available" time="1.269" /><testcase classname="tests.test_vip_phase_features.TestFavoritesFeature" name="test_toggle_favorite_on_item" time="1.802" /><testcase classname="tests.test_vip_phase_features.TestAdminPanelSeparation" name="test_admin_stats_endpoint_exists" time="1.522" /><testcase classname="tests.test_vip_phase_features.TestAdminPanelSeparation" name="test_non_admin_blocked_from_admin_stats" time="1.177" /><testcase classname="tests.test_vip_phase_features.TestBulkActions" name="test_bulk_delete_multiple_items" time="2.278" /><testcase classname="tests.test_vip_phase_features.TestLoginHistory" name="test_login_history_returns_events" time="1.035" /></testsuite></testsuites>