<?xml version="1.0" encoding="utf-8"?><testsuites name="pytest tests"><testsuite name="pytest" errors="0" failures="3" skipped="0" tests="15" time="13.900" timestamp="2026-09-03T01:46:18.699137+00:00" hostname="agent-env-0b629c6a-d8c2-481e-bf30-257a13630a54"><testcase classname="tests.test_iteration11_regression" name="test_wrong_password_readable_error" time="0.301" /><testcase classname="tests.test_iteration11_regression" name="test_admin_login_requires_birthday_stage" time="0.486" /><testcase classname="tests.test_iteration11_regression" name="test_admin_birthday_verify_success" time="0.567" /><testcase classname="tests.test_iteration11_regression" name="test_login_history_last_5_events_shape" time="0.652" /><testcase classname="tests.test_iteration11_regression" name="test_auto_lock_preferences_roundtrip[1]" time="0.610" /><testcase classname="tests.test_iteration11_regression" name="test_auto_lock_preferences_roundtrip[5]" time="0.650" /><testcase classname="tests.test_iteration11_regression" name="test_auto_lock_preferences_roundtrip[15]" time="0.630" /><testcase classname="tests.test_iteration11_regression" name="test_auto_lock_preferences_roundtrip[30]" time="0.598" /><testcase classname="tests.test_iteration11_regression" name="test_theme_preferences_roundtrip" time="0.801" /><testcase classname="tests.test_iteration11_regression" name="test_advance_mode_value_bypass_blocked" time="1.830" /><testcase classname="tests.test_iteration11_regression" name="test_layer3_one_time_view_and_export_still_allowed" time="0.709" /><testcase classname="tests.test_iteration11_regression" name="test_auth_login_sets_http_only_cookie" time="0.425"><failure message="AssertionError: No Set-Cookie header found on login response&#10;assert ''">backend/tests/test_iteration11_regression.py:222: in test_auth_login_sets_http_only_cookie
    assert set_cookie, "No Set-Cookie header found on login response"
E   AssertionError: No Set-Cookie header found on login response
E   assert ''</failure></testcase><testcase classname="tests.test_iteration11_regression" name="test_cors_credentials_not_wildcard_origin" time="0.029"><failure message="AssertionError: assert None == 'true'">backend/tests/test_iteration11_regression.py:240: in test_cors_credentials_not_wildcard_origin
    assert allow_creds == "true"
E   AssertionError: assert None == 'true'</failure></testcase><testcase classname="tests.test_iteration11_regression" name="test_bruteforce_lockout_after_5_fails" time="3.025"><failure message="AssertionError: Expected lockout status after 5 fails, got 200&#10;assert 200 in [423, 429]&#10; +  where 200 = &lt;Response [200]&gt;.status_code">backend/tests/test_iteration11_regression.py:259: in test_bruteforce_lockout_after_5_fails
    assert locked.status_code in [423, 429], (
E   AssertionError: Expected lockout status after 5 fails, got 200
E   assert 200 in [423, 429]
E    +  where 200 = &lt;Response [200]&gt;.status_code</failure></testcase><testcase classname="tests.test_iteration11_regression" name="test_bcrypt_hash_prefix_in_db" time="0.012" /></testsuite></testsuites>