<?xml version="1.0" encoding="utf-8"?><testsuites name="pytest tests"><testsuite name="pytest" errors="0" failures="1" skipped="0" tests="7" time="9.907" timestamp="2026-09-03T16:31:38.899076+00:00" hostname="agent-env-b54db341-8606-4e9d-9d1e-58a52bdb6169"><testcase classname="tests.test_iteration12_advance_hardcore_auth" name="test_conditional_crypto_pass_skips_layer3_when_disabled" time="1.235" /><testcase classname="tests.test_iteration12_advance_hardcore_auth" name="test_conditional_crypto_pass_prompts_layer3_when_enabled" time="0.978" /><testcase classname="tests.test_iteration12_advance_hardcore_auth" name="test_layer3_one_time_view_and_export" time="0.754" /><testcase classname="tests.test_iteration12_advance_hardcore_auth" name="test_advance_mode_protected_endpoints_and_normal_item_regression" time="2.928" /><testcase classname="tests.test_iteration12_advance_hardcore_auth" name="test_advance_mode_share_and_bulk_delete_rejected" time="1.107" /><testcase classname="tests.test_iteration12_advance_hardcore_auth" name="test_hardcore_fourth_wrong_login_deletes_account" time="1.959" /><testcase classname="tests.test_iteration12_advance_hardcore_auth" name="test_auth_cookie_cors_and_standard_lockout" time="0.399"><failure message="AssertionError: assert None == 'true'&#10; +  where None = get('access-control-allow-credentials')&#10; +    where get = {'Date': 'Thu, 03 Sep 2026 16:31:48 GMT', 'Connection': 'keep-alive', 'Access-Control-Allow-Origin': '*', 'Access-Control-Allow-Headers': '*', 'Access-Control-Allow-Methods': 'GET, POST, PUT, DELETE, OPTIONS, HEAD, PATCH', 'Access-Control-Max-Age': '300', 'X-Robots-Tag': 'noindex, nofollow', 'Server': 'cloudflare', 'CF-RAY': 'a35625996e8e3061-ORD'}.get&#10; +      where {'Date': 'Thu, 03 Sep 2026 16:31:48 GMT', 'Connection': 'keep-alive', 'Access-Control-Allow-Origin': '*', 'Access-Control-Allow-Headers': '*', 'Access-Control-Allow-Methods': 'GET, POST, PUT, DELETE, OPTIONS, HEAD, PATCH', 'Access-Control-Max-Age': '300', 'X-Robots-Tag': 'noindex, nofollow', 'Server': 'cloudflare', 'CF-RAY': 'a35625996e8e3061-ORD'} = &lt;Response [204]&gt;.headers">backend/tests/test_iteration12_advance_hardcore_auth.py:276: in test_auth_cookie_cors_and_standard_lockout
    assert preflight.headers.get("access-control-allow-credentials") == "true"
E   AssertionError: assert None == 'true'
E    +  where None = get('access-control-allow-credentials')
E    +    where get = {'Date': 'Thu, 03 Sep 2026 16:31:48 GMT', 'Connection': 'keep-alive', 'Access-Control-Allow-Origin': '*', 'Access-Control-Allow-Headers': '*', 'Access-Control-Allow-Methods': 'GET, POST, PUT, DELETE, OPTIONS, HEAD, PATCH', 'Access-Control-Max-Age': '300', 'X-Robots-Tag': 'noindex, nofollow', 'Server': 'cloudflare', 'CF-RAY': 'a35625996e8e3061-ORD'}.get
E    +      where {'Date': 'Thu, 03 Sep 2026 16:31:48 GMT', 'Connection': 'keep-alive', 'Access-Control-Allow-Origin': '*', 'Access-Control-Allow-Headers': '*', 'Access-Control-Allow-Methods': 'GET, POST, PUT, DELETE, OPTIONS, HEAD, PATCH', 'Access-Control-Max-Age': '300', 'X-Robots-Tag': 'noindex, nofollow', 'Server': 'cloudflare', 'CF-RAY': 'a35625996e8e3061-ORD'} = &lt;Response [204]&gt;.headers</failure></testcase></testsuite></testsuites>