<?xml version="1.0" encoding="utf-8"?><testsuites name="pytest tests"><testsuite name="pytest" errors="0" failures="1" skipped="0" tests="8" time="4.314" timestamp="2026-08-31T17:51:00.145082+00:00" hostname="agent-env-42a2be94-7785-49a5-9b0b-11fb6e8d7391"><testcase classname="tests.test_new_features.TestForgotPasswordReset" name="test_recovery_valid_email" time="1.185" /><testcase classname="tests.test_new_features.TestPreferencesAutofill" name="test_get_preferences_default" time="0.777" /><testcase classname="tests.test_new_features.TestPreferencesAutofill" name="test_save_autofill_false" time="0.694" /><testcase classname="tests.test_new_features.TestForgotPasswordReset" name="test_recovery_unknown_email" time="0.231"><failure message="AssertionError: Expected error, got 200: {&quot;message&quot;:&quot;If that email exists, a reset link has been prepared.&quot;}&#10;assert 200 in [404, 400]&#10; +  where 200 = &lt;Response [200]&gt;.status_code">backend/tests/test_new_features.py:41: in test_recovery_unknown_email
    assert r.status_code in [404, 400], f"Expected error, got {r.status_code}: {r.text}"
E   AssertionError: Expected error, got 200: {"message":"If that email exists, a reset link has been prepared."}
E   assert 200 in [404, 400]
E    +  where 200 = &lt;Response [200]&gt;.status_code</failure></testcase><testcase classname="tests.test_new_features.TestForgotPasswordReset" name="test_reset_password_valid_token" time="1.450" /><testcase classname="tests.test_new_features.TestPreferencesAutofill" name="test_save_autofill_true" time="1.395" /><testcase classname="tests.test_new_features.TestForgotPasswordReset" name="test_reset_password_invalid_token" time="0.152" /><testcase classname="tests.test_new_features.TestForgotPasswordReset" name="test_reset_password_short_password" time="0.768" /></testsuite></testsuites>