<?xml version="1.0" encoding="utf-8"?><testsuites name="pytest tests"><testsuite name="pytest" errors="0" failures="0" skipped="0" tests="26" time="8.718" timestamp="2026-09-02T01:12:01.394493+00:00" hostname="agent-env-42a2be94-7785-49a5-9b0b-11fb6e8d7391"><testcase classname="tests.test_phase1_multilayer_auth.TestRegistrationWithBirthday" name="test_register_requires_birthday" time="0.539" /><testcase classname="tests.test_phase1_multilayer_auth.TestRegistrationWithBirthday" name="test_register_with_birthday_returns_l3_passwords" time="0.392" /><testcase classname="tests.test_phase1_multilayer_auth.TestLayer3Management" name="test_get_layer3_passwords" time="0.941" /><testcase classname="tests.test_phase1_multilayer_auth.TestRegistrationWithBirthday" name="test_register_returns_12_word_phrase" time="0.401" /><testcase classname="tests.test_phase1_multilayer_auth.TestLayer3Management" name="test_toggle_layer3_enable_requires_quiz" time="0.392" /><testcase classname="tests.test_phase1_multilayer_auth.TestRegistrationWithBirthday" name="test_register_returns_user_with_has_birthday" time="0.413" /><testcase classname="tests.test_phase1_multilayer_auth.TestLayer3Management" name="test_toggle_layer3_enable_with_quiz" time="0.420" /><testcase classname="tests.test_phase1_multilayer_auth.TestLayer3Management" name="test_toggle_layer3_disable" time="0.371" /><testcase classname="tests.test_phase1_multilayer_auth.TestLayer3Management" name="test_regenerate_l3_requires_password" time="0.127" /><testcase classname="tests.test_phase1_multilayer_auth.TestLoginStage1" name="test_login_returns_birthday_stage" time="0.879" /><testcase classname="tests.test_phase1_multilayer_auth.TestLayer3Management" name="test_regenerate_l3_wrong_password" time="0.585" /><testcase classname="tests.test_phase1_multilayer_auth.TestLoginStage1" name="test_login_wrong_password_returns_401" time="0.712" /><testcase classname="tests.test_phase1_multilayer_auth.TestLayer3Management" name="test_regenerate_l3_success" time="0.486" /><testcase classname="tests.test_phase1_multilayer_auth.TestLoginStage1" name="test_login_nonexistent_email_returns_401" time="0.395" /><testcase classname="tests.test_phase1_multilayer_auth.TestLoginStage3Layer3Quiz" name="test_login_with_l3_enabled_returns_quiz" time="1.206" /><testcase classname="tests.test_phase1_multilayer_auth.TestHardcoreMode" name="test_get_hardcore_settings" time="0.684" /><testcase classname="tests.test_phase1_multilayer_auth.TestHardcoreMode" name="test_update_hardcore_settings" time="0.502" /><testcase classname="tests.test_phase1_multilayer_auth.TestLoginStage3Layer3Quiz" name="test_verify_layer3_correct_answers" time="1.035" /><testcase classname="tests.test_phase1_multilayer_auth.TestHardcoreMode" name="test_disable_hardcore" time="0.113" /><testcase classname="tests.test_phase1_multilayer_auth.TestLoginStage3Layer3Quiz" name="test_verify_layer3_wrong_answers" time="1.048" /><testcase classname="tests.test_phase1_multilayer_auth.TestLoginStage2Birthday" name="test_verify_birthday_correct" time="1.187" /><testcase classname="tests.test_phase1_multilayer_auth.TestLoginStage2Birthday" name="test_verify_birthday_wrong" time="0.786" /><testcase classname="tests.test_phase1_multilayer_auth.TestLegacyUserLogin" name="test_legacy_user_direct_login" time="0.417" /><testcase classname="tests.test_phase1_multilayer_auth.TestDisclaimer" name="test_new_user_disclaimer_not_accepted" time="0.396" /><testcase classname="tests.test_phase1_multilayer_auth.TestDisclaimer" name="test_accept_disclaimer" time="0.409" /><testcase classname="tests.test_phase1_multilayer_auth.TestAuthMe" name="test_auth_me_returns_user_fields" time="0.703" /></testsuite></testsuites>