<?xml version="1.0" encoding="utf-8"?><testsuites name="pytest tests"><testsuite name="pytest" errors="0" failures="0" skipped="0" tests="11" time="2.809" timestamp="2026-08-31T14:05:03.136034+00:00" hostname="agent-env-42a2be94-7785-49a5-9b0b-11fb6e8d7391"><testcase classname="tests.test_phrase_features.TestPhraseLogin" name="test_phrase_login_success" time="0.751" /><testcase classname="tests.test_phrase_features.TestPhraseLogin" name="test_phrase_login_wrong_phrase" time="0.153" /><testcase classname="tests.test_phrase_features.TestPhraseReset" name="test_phrase_reset_success" time="1.239" /><testcase classname="tests.test_phrase_features.TestPhraseLogin" name="test_phrase_login_wrong_email" time="0.336" /><testcase classname="tests.test_phrase_features.TestPhraseReset" name="test_login_with_new_password_after_reset" time="0.412" /><testcase classname="tests.test_phrase_features.TestSetPhrase" name="test_set_phrase_generates_new_phrase" time="0.152" /><testcase classname="tests.test_phrase_features.TestSetPhrase" name="test_set_phrase_requires_auth" time="0.261" /><testcase classname="tests.test_phrase_features.TestPhraseReset" name="test_phrase_reset_wrong_phrase" time="0.152" /><testcase classname="tests.test_phrase_features.TestSetPhrase" name="test_new_phrase_works_for_login" time="0.516" /><testcase classname="tests.test_phrase_features.TestRegisterReturnsPhrase" name="test_register_returns_phrase" time="0.000" /><testcase classname="tests.test_phrase_features.TestRegisterReturnsPhrase" name="test_register_returns_token_and_user" time="0.000" /></testsuite></testsuites>