<?xml version="1.0" encoding="utf-8"?><testsuites name="pytest tests"><testsuite name="pytest" errors="0" failures="0" skipped="0" tests="3" time="2.930" timestamp="2026-08-30T18:01:19.199876+00:00" hostname="agent-env-42a2be94-7785-49a5-9b0b-11fb6e8d7391"><testcase classname="tests.backend_test" name="test_auth_and_item_lifecycle" time="1.924" /><testcase classname="tests.backend_test" name="test_import_items" time="0.424" /><testcase classname="tests.backend_test" name="test_protected_routes_reject_missing_auth" time="0.125" /></testsuite></testsuites>